   1              		.syntax unified
   2              		.cpu cortex-m3
   3              		.fpu softvfp
   4              		.eabi_attribute 20, 1
   5              		.eabi_attribute 21, 1
   6              		.eabi_attribute 23, 3
   7              		.eabi_attribute 24, 1
   8              		.eabi_attribute 25, 1
   9              		.eabi_attribute 26, 1
  10              		.eabi_attribute 30, 6
  11              		.eabi_attribute 34, 1
  12              		.eabi_attribute 18, 4
  13              		.thumb
  14              		.file	"stm32f10x_dbgmcu.c"
  15              		.text
  16              	.Ltext0:
  17              		.cfi_sections	.debug_frame
  18              		.section	.text.DBGMCU_GetREVID,"ax",%progbits
  19              		.align	2
  20              		.global	DBGMCU_GetREVID
  21              		.thumb
  22              		.thumb_func
  24              	DBGMCU_GetREVID:
  25              	.LFB29:
  26              		.file 1 "../Libraries/StdPeripheralDriver/src/stm32f10x_dbgmcu.c"
   1:../Libraries/StdPeripheralDriver/src/stm32f10x_dbgmcu.c **** /**
   2:../Libraries/StdPeripheralDriver/src/stm32f10x_dbgmcu.c ****   ******************************************************************************
   3:../Libraries/StdPeripheralDriver/src/stm32f10x_dbgmcu.c ****   * @file    stm32f10x_dbgmcu.c
   4:../Libraries/StdPeripheralDriver/src/stm32f10x_dbgmcu.c ****   * @author  MCD Application Team
   5:../Libraries/StdPeripheralDriver/src/stm32f10x_dbgmcu.c ****   * @version V3.5.0
   6:../Libraries/StdPeripheralDriver/src/stm32f10x_dbgmcu.c ****   * @date    11-March-2011
   7:../Libraries/StdPeripheralDriver/src/stm32f10x_dbgmcu.c ****   * @brief   This file provides all the DBGMCU firmware functions.
   8:../Libraries/StdPeripheralDriver/src/stm32f10x_dbgmcu.c ****   ******************************************************************************
   9:../Libraries/StdPeripheralDriver/src/stm32f10x_dbgmcu.c ****   * @attention
  10:../Libraries/StdPeripheralDriver/src/stm32f10x_dbgmcu.c ****   *
  11:../Libraries/StdPeripheralDriver/src/stm32f10x_dbgmcu.c ****   * THE PRESENT FIRMWARE WHICH IS FOR GUIDANCE ONLY AIMS AT PROVIDING CUSTOMERS
  12:../Libraries/StdPeripheralDriver/src/stm32f10x_dbgmcu.c ****   * WITH CODING INFORMATION REGARDING THEIR PRODUCTS IN ORDER FOR THEM TO SAVE
  13:../Libraries/StdPeripheralDriver/src/stm32f10x_dbgmcu.c ****   * TIME. AS A RESULT, STMICROELECTRONICS SHALL NOT BE HELD LIABLE FOR ANY
  14:../Libraries/StdPeripheralDriver/src/stm32f10x_dbgmcu.c ****   * DIRECT, INDIRECT OR CONSEQUENTIAL DAMAGES WITH RESPECT TO ANY CLAIMS ARISING
  15:../Libraries/StdPeripheralDriver/src/stm32f10x_dbgmcu.c ****   * FROM THE CONTENT OF SUCH FIRMWARE AND/OR THE USE MADE BY CUSTOMERS OF THE
  16:../Libraries/StdPeripheralDriver/src/stm32f10x_dbgmcu.c ****   * CODING INFORMATION CONTAINED HEREIN IN CONNECTION WITH THEIR PRODUCTS.
  17:../Libraries/StdPeripheralDriver/src/stm32f10x_dbgmcu.c ****   *
  18:../Libraries/StdPeripheralDriver/src/stm32f10x_dbgmcu.c ****   * <h2><center>&copy; COPYRIGHT 2011 STMicroelectronics</center></h2>
  19:../Libraries/StdPeripheralDriver/src/stm32f10x_dbgmcu.c ****   ******************************************************************************
  20:../Libraries/StdPeripheralDriver/src/stm32f10x_dbgmcu.c ****   */
  21:../Libraries/StdPeripheralDriver/src/stm32f10x_dbgmcu.c **** 
  22:../Libraries/StdPeripheralDriver/src/stm32f10x_dbgmcu.c **** /* Includes ------------------------------------------------------------------*/
  23:../Libraries/StdPeripheralDriver/src/stm32f10x_dbgmcu.c **** #include "stm32f10x_dbgmcu.h"
  24:../Libraries/StdPeripheralDriver/src/stm32f10x_dbgmcu.c **** 
  25:../Libraries/StdPeripheralDriver/src/stm32f10x_dbgmcu.c **** /** @addtogroup STM32F10x_StdPeriph_Driver
  26:../Libraries/StdPeripheralDriver/src/stm32f10x_dbgmcu.c ****   * @{
  27:../Libraries/StdPeripheralDriver/src/stm32f10x_dbgmcu.c ****   */
  28:../Libraries/StdPeripheralDriver/src/stm32f10x_dbgmcu.c **** 
  29:../Libraries/StdPeripheralDriver/src/stm32f10x_dbgmcu.c **** /** @defgroup DBGMCU 
  30:../Libraries/StdPeripheralDriver/src/stm32f10x_dbgmcu.c ****   * @brief DBGMCU driver modules
  31:../Libraries/StdPeripheralDriver/src/stm32f10x_dbgmcu.c ****   * @{
  32:../Libraries/StdPeripheralDriver/src/stm32f10x_dbgmcu.c ****   */ 
  33:../Libraries/StdPeripheralDriver/src/stm32f10x_dbgmcu.c **** 
  34:../Libraries/StdPeripheralDriver/src/stm32f10x_dbgmcu.c **** /** @defgroup DBGMCU_Private_TypesDefinitions
  35:../Libraries/StdPeripheralDriver/src/stm32f10x_dbgmcu.c ****   * @{
  36:../Libraries/StdPeripheralDriver/src/stm32f10x_dbgmcu.c ****   */
  37:../Libraries/StdPeripheralDriver/src/stm32f10x_dbgmcu.c **** 
  38:../Libraries/StdPeripheralDriver/src/stm32f10x_dbgmcu.c **** /**
  39:../Libraries/StdPeripheralDriver/src/stm32f10x_dbgmcu.c ****   * @}
  40:../Libraries/StdPeripheralDriver/src/stm32f10x_dbgmcu.c ****   */
  41:../Libraries/StdPeripheralDriver/src/stm32f10x_dbgmcu.c **** 
  42:../Libraries/StdPeripheralDriver/src/stm32f10x_dbgmcu.c **** /** @defgroup DBGMCU_Private_Defines
  43:../Libraries/StdPeripheralDriver/src/stm32f10x_dbgmcu.c ****   * @{
  44:../Libraries/StdPeripheralDriver/src/stm32f10x_dbgmcu.c ****   */
  45:../Libraries/StdPeripheralDriver/src/stm32f10x_dbgmcu.c **** 
  46:../Libraries/StdPeripheralDriver/src/stm32f10x_dbgmcu.c **** #define IDCODE_DEVID_MASK    ((uint32_t)0x00000FFF)
  47:../Libraries/StdPeripheralDriver/src/stm32f10x_dbgmcu.c **** /**
  48:../Libraries/StdPeripheralDriver/src/stm32f10x_dbgmcu.c ****   * @}
  49:../Libraries/StdPeripheralDriver/src/stm32f10x_dbgmcu.c ****   */
  50:../Libraries/StdPeripheralDriver/src/stm32f10x_dbgmcu.c **** 
  51:../Libraries/StdPeripheralDriver/src/stm32f10x_dbgmcu.c **** /** @defgroup DBGMCU_Private_Macros
  52:../Libraries/StdPeripheralDriver/src/stm32f10x_dbgmcu.c ****   * @{
  53:../Libraries/StdPeripheralDriver/src/stm32f10x_dbgmcu.c ****   */
  54:../Libraries/StdPeripheralDriver/src/stm32f10x_dbgmcu.c **** 
  55:../Libraries/StdPeripheralDriver/src/stm32f10x_dbgmcu.c **** /**
  56:../Libraries/StdPeripheralDriver/src/stm32f10x_dbgmcu.c ****   * @}
  57:../Libraries/StdPeripheralDriver/src/stm32f10x_dbgmcu.c ****   */
  58:../Libraries/StdPeripheralDriver/src/stm32f10x_dbgmcu.c **** 
  59:../Libraries/StdPeripheralDriver/src/stm32f10x_dbgmcu.c **** /** @defgroup DBGMCU_Private_Variables
  60:../Libraries/StdPeripheralDriver/src/stm32f10x_dbgmcu.c ****   * @{
  61:../Libraries/StdPeripheralDriver/src/stm32f10x_dbgmcu.c ****   */
  62:../Libraries/StdPeripheralDriver/src/stm32f10x_dbgmcu.c **** 
  63:../Libraries/StdPeripheralDriver/src/stm32f10x_dbgmcu.c **** /**
  64:../Libraries/StdPeripheralDriver/src/stm32f10x_dbgmcu.c ****   * @}
  65:../Libraries/StdPeripheralDriver/src/stm32f10x_dbgmcu.c ****   */
  66:../Libraries/StdPeripheralDriver/src/stm32f10x_dbgmcu.c **** 
  67:../Libraries/StdPeripheralDriver/src/stm32f10x_dbgmcu.c **** /** @defgroup DBGMCU_Private_FunctionPrototypes
  68:../Libraries/StdPeripheralDriver/src/stm32f10x_dbgmcu.c ****   * @{
  69:../Libraries/StdPeripheralDriver/src/stm32f10x_dbgmcu.c ****   */
  70:../Libraries/StdPeripheralDriver/src/stm32f10x_dbgmcu.c **** 
  71:../Libraries/StdPeripheralDriver/src/stm32f10x_dbgmcu.c **** /**
  72:../Libraries/StdPeripheralDriver/src/stm32f10x_dbgmcu.c ****   * @}
  73:../Libraries/StdPeripheralDriver/src/stm32f10x_dbgmcu.c ****   */
  74:../Libraries/StdPeripheralDriver/src/stm32f10x_dbgmcu.c **** 
  75:../Libraries/StdPeripheralDriver/src/stm32f10x_dbgmcu.c **** /** @defgroup DBGMCU_Private_Functions
  76:../Libraries/StdPeripheralDriver/src/stm32f10x_dbgmcu.c ****   * @{
  77:../Libraries/StdPeripheralDriver/src/stm32f10x_dbgmcu.c ****   */
  78:../Libraries/StdPeripheralDriver/src/stm32f10x_dbgmcu.c **** 
  79:../Libraries/StdPeripheralDriver/src/stm32f10x_dbgmcu.c **** /**
  80:../Libraries/StdPeripheralDriver/src/stm32f10x_dbgmcu.c ****   * @brief  Returns the device revision identifier.
  81:../Libraries/StdPeripheralDriver/src/stm32f10x_dbgmcu.c ****   * @param  None
  82:../Libraries/StdPeripheralDriver/src/stm32f10x_dbgmcu.c ****   * @retval Device revision identifier
  83:../Libraries/StdPeripheralDriver/src/stm32f10x_dbgmcu.c ****   */
  84:../Libraries/StdPeripheralDriver/src/stm32f10x_dbgmcu.c **** uint32_t DBGMCU_GetREVID(void)
  85:../Libraries/StdPeripheralDriver/src/stm32f10x_dbgmcu.c **** {
  27              		.loc 1 85 0
  28              		.cfi_startproc
  29              		@ args = 0, pretend = 0, frame = 0
  30              		@ frame_needed = 1, uses_anonymous_args = 0
  31              		@ link register save eliminated.
  32 0000 80B4     		push	{r7}
  33              		.cfi_def_cfa_offset 4
  34              		.cfi_offset 7, -4
  35 0002 00AF     		add	r7, sp, #0
  36              		.cfi_def_cfa_register 7
  86:../Libraries/StdPeripheralDriver/src/stm32f10x_dbgmcu.c ****    return(DBGMCU->IDCODE >> 16);
  37              		.loc 1 86 0
  38 0004 4FF40053 		mov	r3, #8192
  39 0008 CEF20403 		movt	r3, 57348
  40 000c 1B68     		ldr	r3, [r3]
  41 000e 1B0C     		lsrs	r3, r3, #16
  87:../Libraries/StdPeripheralDriver/src/stm32f10x_dbgmcu.c **** }
  42              		.loc 1 87 0
  43 0010 1846     		mov	r0, r3
  44 0012 BD46     		mov	sp, r7
  45              		@ sp needed
  46 0014 5DF8047B 		ldr	r7, [sp], #4
  47 0018 7047     		bx	lr
  48              		.cfi_endproc
  49              	.LFE29:
  51 001a 00BF     		.section	.text.DBGMCU_GetDEVID,"ax",%progbits
  52              		.align	2
  53              		.global	DBGMCU_GetDEVID
  54              		.thumb
  55              		.thumb_func
  57              	DBGMCU_GetDEVID:
  58              	.LFB30:
  88:../Libraries/StdPeripheralDriver/src/stm32f10x_dbgmcu.c **** 
  89:../Libraries/StdPeripheralDriver/src/stm32f10x_dbgmcu.c **** /**
  90:../Libraries/StdPeripheralDriver/src/stm32f10x_dbgmcu.c ****   * @brief  Returns the device identifier.
  91:../Libraries/StdPeripheralDriver/src/stm32f10x_dbgmcu.c ****   * @param  None
  92:../Libraries/StdPeripheralDriver/src/stm32f10x_dbgmcu.c ****   * @retval Device identifier
  93:../Libraries/StdPeripheralDriver/src/stm32f10x_dbgmcu.c ****   */
  94:../Libraries/StdPeripheralDriver/src/stm32f10x_dbgmcu.c **** uint32_t DBGMCU_GetDEVID(void)
  95:../Libraries/StdPeripheralDriver/src/stm32f10x_dbgmcu.c **** {
  59              		.loc 1 95 0
  60              		.cfi_startproc
  61              		@ args = 0, pretend = 0, frame = 0
  62              		@ frame_needed = 1, uses_anonymous_args = 0
  63              		@ link register save eliminated.
  64 0000 80B4     		push	{r7}
  65              		.cfi_def_cfa_offset 4
  66              		.cfi_offset 7, -4
  67 0002 00AF     		add	r7, sp, #0
  68              		.cfi_def_cfa_register 7
  96:../Libraries/StdPeripheralDriver/src/stm32f10x_dbgmcu.c ****    return(DBGMCU->IDCODE & IDCODE_DEVID_MASK);
  69              		.loc 1 96 0
  70 0004 4FF40053 		mov	r3, #8192
  71 0008 CEF20403 		movt	r3, 57348
  72 000c 1B68     		ldr	r3, [r3]
  73 000e C3F30B03 		ubfx	r3, r3, #0, #12
  97:../Libraries/StdPeripheralDriver/src/stm32f10x_dbgmcu.c **** }
  74              		.loc 1 97 0
  75 0012 1846     		mov	r0, r3
  76 0014 BD46     		mov	sp, r7
  77              		@ sp needed
  78 0016 5DF8047B 		ldr	r7, [sp], #4
  79 001a 7047     		bx	lr
  80              		.cfi_endproc
  81              	.LFE30:
  83              		.section	.text.DBGMCU_Config,"ax",%progbits
  84              		.align	2
  85              		.global	DBGMCU_Config
  86              		.thumb
  87              		.thumb_func
  89              	DBGMCU_Config:
  90              	.LFB31:
  98:../Libraries/StdPeripheralDriver/src/stm32f10x_dbgmcu.c **** 
  99:../Libraries/StdPeripheralDriver/src/stm32f10x_dbgmcu.c **** /**
 100:../Libraries/StdPeripheralDriver/src/stm32f10x_dbgmcu.c ****   * @brief  Configures the specified peripheral and low power mode behavior
 101:../Libraries/StdPeripheralDriver/src/stm32f10x_dbgmcu.c ****   *   when the MCU under Debug mode.
 102:../Libraries/StdPeripheralDriver/src/stm32f10x_dbgmcu.c ****   * @param  DBGMCU_Periph: specifies the peripheral and low power mode.
 103:../Libraries/StdPeripheralDriver/src/stm32f10x_dbgmcu.c ****   *   This parameter can be any combination of the following values:
 104:../Libraries/StdPeripheralDriver/src/stm32f10x_dbgmcu.c ****   *     @arg DBGMCU_SLEEP: Keep debugger connection during SLEEP mode              
 105:../Libraries/StdPeripheralDriver/src/stm32f10x_dbgmcu.c ****   *     @arg DBGMCU_STOP: Keep debugger connection during STOP mode               
 106:../Libraries/StdPeripheralDriver/src/stm32f10x_dbgmcu.c ****   *     @arg DBGMCU_STANDBY: Keep debugger connection during STANDBY mode            
 107:../Libraries/StdPeripheralDriver/src/stm32f10x_dbgmcu.c ****   *     @arg DBGMCU_IWDG_STOP: Debug IWDG stopped when Core is halted          
 108:../Libraries/StdPeripheralDriver/src/stm32f10x_dbgmcu.c ****   *     @arg DBGMCU_WWDG_STOP: Debug WWDG stopped when Core is halted          
 109:../Libraries/StdPeripheralDriver/src/stm32f10x_dbgmcu.c ****   *     @arg DBGMCU_TIM1_STOP: TIM1 counter stopped when Core is halted          
 110:../Libraries/StdPeripheralDriver/src/stm32f10x_dbgmcu.c ****   *     @arg DBGMCU_TIM2_STOP: TIM2 counter stopped when Core is halted          
 111:../Libraries/StdPeripheralDriver/src/stm32f10x_dbgmcu.c ****   *     @arg DBGMCU_TIM3_STOP: TIM3 counter stopped when Core is halted          
 112:../Libraries/StdPeripheralDriver/src/stm32f10x_dbgmcu.c ****   *     @arg DBGMCU_TIM4_STOP: TIM4 counter stopped when Core is halted          
 113:../Libraries/StdPeripheralDriver/src/stm32f10x_dbgmcu.c ****   *     @arg DBGMCU_CAN1_STOP: Debug CAN2 stopped when Core is halted           
 114:../Libraries/StdPeripheralDriver/src/stm32f10x_dbgmcu.c ****   *     @arg DBGMCU_I2C1_SMBUS_TIMEOUT: I2C1 SMBUS timeout mode stopped when Core is halted
 115:../Libraries/StdPeripheralDriver/src/stm32f10x_dbgmcu.c ****   *     @arg DBGMCU_I2C2_SMBUS_TIMEOUT: I2C2 SMBUS timeout mode stopped when Core is halted
 116:../Libraries/StdPeripheralDriver/src/stm32f10x_dbgmcu.c ****   *     @arg DBGMCU_TIM5_STOP: TIM5 counter stopped when Core is halted          
 117:../Libraries/StdPeripheralDriver/src/stm32f10x_dbgmcu.c ****   *     @arg DBGMCU_TIM6_STOP: TIM6 counter stopped when Core is halted          
 118:../Libraries/StdPeripheralDriver/src/stm32f10x_dbgmcu.c ****   *     @arg DBGMCU_TIM7_STOP: TIM7 counter stopped when Core is halted          
 119:../Libraries/StdPeripheralDriver/src/stm32f10x_dbgmcu.c ****   *     @arg DBGMCU_TIM8_STOP: TIM8 counter stopped when Core is halted
 120:../Libraries/StdPeripheralDriver/src/stm32f10x_dbgmcu.c ****   *     @arg DBGMCU_CAN2_STOP: Debug CAN2 stopped when Core is halted 
 121:../Libraries/StdPeripheralDriver/src/stm32f10x_dbgmcu.c ****   *     @arg DBGMCU_TIM15_STOP: TIM15 counter stopped when Core is halted
 122:../Libraries/StdPeripheralDriver/src/stm32f10x_dbgmcu.c ****   *     @arg DBGMCU_TIM16_STOP: TIM16 counter stopped when Core is halted
 123:../Libraries/StdPeripheralDriver/src/stm32f10x_dbgmcu.c ****   *     @arg DBGMCU_TIM17_STOP: TIM17 counter stopped when Core is halted                
 124:../Libraries/StdPeripheralDriver/src/stm32f10x_dbgmcu.c ****   *     @arg DBGMCU_TIM9_STOP: TIM9 counter stopped when Core is halted
 125:../Libraries/StdPeripheralDriver/src/stm32f10x_dbgmcu.c ****   *     @arg DBGMCU_TIM10_STOP: TIM10 counter stopped when Core is halted
 126:../Libraries/StdPeripheralDriver/src/stm32f10x_dbgmcu.c ****   *     @arg DBGMCU_TIM11_STOP: TIM11 counter stopped when Core is halted
 127:../Libraries/StdPeripheralDriver/src/stm32f10x_dbgmcu.c ****   *     @arg DBGMCU_TIM12_STOP: TIM12 counter stopped when Core is halted
 128:../Libraries/StdPeripheralDriver/src/stm32f10x_dbgmcu.c ****   *     @arg DBGMCU_TIM13_STOP: TIM13 counter stopped when Core is halted
 129:../Libraries/StdPeripheralDriver/src/stm32f10x_dbgmcu.c ****   *     @arg DBGMCU_TIM14_STOP: TIM14 counter stopped when Core is halted
 130:../Libraries/StdPeripheralDriver/src/stm32f10x_dbgmcu.c ****   * @param  NewState: new state of the specified peripheral in Debug mode.
 131:../Libraries/StdPeripheralDriver/src/stm32f10x_dbgmcu.c ****   *   This parameter can be: ENABLE or DISABLE.
 132:../Libraries/StdPeripheralDriver/src/stm32f10x_dbgmcu.c ****   * @retval None
 133:../Libraries/StdPeripheralDriver/src/stm32f10x_dbgmcu.c ****   */
 134:../Libraries/StdPeripheralDriver/src/stm32f10x_dbgmcu.c **** void DBGMCU_Config(uint32_t DBGMCU_Periph, FunctionalState NewState)
 135:../Libraries/StdPeripheralDriver/src/stm32f10x_dbgmcu.c **** {
  91              		.loc 1 135 0
  92              		.cfi_startproc
  93              		@ args = 0, pretend = 0, frame = 8
  94              		@ frame_needed = 1, uses_anonymous_args = 0
  95              		@ link register save eliminated.
  96 0000 80B4     		push	{r7}
  97              		.cfi_def_cfa_offset 4
  98              		.cfi_offset 7, -4
  99 0002 83B0     		sub	sp, sp, #12
 100              		.cfi_def_cfa_offset 16
 101 0004 00AF     		add	r7, sp, #0
 102              		.cfi_def_cfa_register 7
 103 0006 7860     		str	r0, [r7, #4]
 104 0008 0B46     		mov	r3, r1
 105 000a FB70     		strb	r3, [r7, #3]
 136:../Libraries/StdPeripheralDriver/src/stm32f10x_dbgmcu.c ****   /* Check the parameters */
 137:../Libraries/StdPeripheralDriver/src/stm32f10x_dbgmcu.c ****   assert_param(IS_DBGMCU_PERIPH(DBGMCU_Periph));
 138:../Libraries/StdPeripheralDriver/src/stm32f10x_dbgmcu.c ****   assert_param(IS_FUNCTIONAL_STATE(NewState));
 139:../Libraries/StdPeripheralDriver/src/stm32f10x_dbgmcu.c **** 
 140:../Libraries/StdPeripheralDriver/src/stm32f10x_dbgmcu.c ****   if (NewState != DISABLE)
 106              		.loc 1 140 0
 107 000c FB78     		ldrb	r3, [r7, #3]	@ zero_extendqisi2
 108 000e 002B     		cmp	r3, #0
 109 0010 0CD0     		beq	.L6
 141:../Libraries/StdPeripheralDriver/src/stm32f10x_dbgmcu.c ****   {
 142:../Libraries/StdPeripheralDriver/src/stm32f10x_dbgmcu.c ****     DBGMCU->CR |= DBGMCU_Periph;
 110              		.loc 1 142 0
 111 0012 4FF40053 		mov	r3, #8192
 112 0016 CEF20403 		movt	r3, 57348
 113 001a 4FF40052 		mov	r2, #8192
 114 001e CEF20402 		movt	r2, 57348
 115 0022 5168     		ldr	r1, [r2, #4]
 116 0024 7A68     		ldr	r2, [r7, #4]
 117 0026 0A43     		orrs	r2, r2, r1
 118 0028 5A60     		str	r2, [r3, #4]
 119 002a 0CE0     		b	.L5
 120              	.L6:
 143:../Libraries/StdPeripheralDriver/src/stm32f10x_dbgmcu.c ****   }
 144:../Libraries/StdPeripheralDriver/src/stm32f10x_dbgmcu.c ****   else
 145:../Libraries/StdPeripheralDriver/src/stm32f10x_dbgmcu.c ****   {
 146:../Libraries/StdPeripheralDriver/src/stm32f10x_dbgmcu.c ****     DBGMCU->CR &= ~DBGMCU_Periph;
 121              		.loc 1 146 0
 122 002c 4FF40053 		mov	r3, #8192
 123 0030 CEF20403 		movt	r3, 57348
 124 0034 4FF40052 		mov	r2, #8192
 125 0038 CEF20402 		movt	r2, 57348
 126 003c 5168     		ldr	r1, [r2, #4]
 127 003e 7A68     		ldr	r2, [r7, #4]
 128 0040 D243     		mvns	r2, r2
 129 0042 0A40     		ands	r2, r2, r1
 130 0044 5A60     		str	r2, [r3, #4]
 131              	.L5:
 147:../Libraries/StdPeripheralDriver/src/stm32f10x_dbgmcu.c ****   }
 148:../Libraries/StdPeripheralDriver/src/stm32f10x_dbgmcu.c **** }
 132              		.loc 1 148 0
 133 0046 0C37     		adds	r7, r7, #12
 134 0048 BD46     		mov	sp, r7
 135              		@ sp needed
 136 004a 5DF8047B 		ldr	r7, [sp], #4
 137 004e 7047     		bx	lr
 138              		.cfi_endproc
 139              	.LFE31:
 141              		.text
 142              	.Letext0:
 143              		.file 2 "c:\\tools\\arm-none-eabi\\include\\stdint.h"
 144              		.file 3 "D:\\pall\\workspace\\Snack_stm32_drv_modbus\\Libraries\\CMSIS/stm32f10x.h"
 145              		.file 4 "D:\\pall\\workspace\\Snack_stm32_drv_modbus\\Libraries\\CMSIS/core_cm3.h"
DEFINED SYMBOLS
                            *ABS*:00000000 stm32f10x_dbgmcu.c
C:\Users\Alex\AppData\Local\Temp\ccDDVLkp.s:19     .text.DBGMCU_GetREVID:00000000 $t
C:\Users\Alex\AppData\Local\Temp\ccDDVLkp.s:24     .text.DBGMCU_GetREVID:00000000 DBGMCU_GetREVID
C:\Users\Alex\AppData\Local\Temp\ccDDVLkp.s:52     .text.DBGMCU_GetDEVID:00000000 $t
C:\Users\Alex\AppData\Local\Temp\ccDDVLkp.s:57     .text.DBGMCU_GetDEVID:00000000 DBGMCU_GetDEVID
C:\Users\Alex\AppData\Local\Temp\ccDDVLkp.s:84     .text.DBGMCU_Config:00000000 $t
C:\Users\Alex\AppData\Local\Temp\ccDDVLkp.s:89     .text.DBGMCU_Config:00000000 DBGMCU_Config
                     .debug_frame:00000010 $d
                           .group:00000000 wm4.1.98ffea2db242cfdb58f411f7407f2b59
                           .group:00000000 wm4.stm32f10x.h.51.b859cb68ed44ee02c916b41cb8c68f1c
                           .group:00000000 wm4.core_cm3.h.25.d35e9a9b04ec4aaebae9bf79fff061f9
                           .group:00000000 wm4.newlib.h.8.384a112feabb3bef7b573ae48cde2e3b
                           .group:00000000 wm4.features.h.22.6a4ca7cd053637cc1d0db6c16f39b2d7
                           .group:00000000 wm4.config.h.183.aa62afef667fb61d15fa64c48beb2f14
                           .group:00000000 wm4._ansi.h.23.5644b60c990a4800b02a6e654e88f93a
                           .group:00000000 wm4.stdint.h.20.54ad762faa59e3c05491630641c8d8bf
                           .group:00000000 wm4.core_cm3.h.113.b286929a54d33b4c8909a7132437b244
                           .group:00000000 wm4.stm32f10x.h.522.a925aafc848b1f088438cf0e9b167b78
                           .group:00000000 wm4.stm32f10x_conf.h.2.f1a8c33f0a763aeef696fee38b2b2dbc
                           .group:00000000 wm4.stm32f10x.h.8304.f7d8ad90959e99679b3257267c3aadfe
                           .group:00000000 wm4.stm32f10x_dbgmcu.h.54.c05c906cc4d790639345bc56e47258b9

NO UNDEFINED SYMBOLS
