   1              		.syntax unified
   2              		.cpu cortex-m3
   3              		.fpu softvfp
   4              		.eabi_attribute 20, 1
   5              		.eabi_attribute 21, 1
   6              		.eabi_attribute 23, 3
   7              		.eabi_attribute 24, 1
   8              		.eabi_attribute 25, 1
   9              		.eabi_attribute 26, 1
  10              		.eabi_attribute 30, 6
  11              		.eabi_attribute 34, 1
  12              		.eabi_attribute 18, 4
  13              		.thumb
  14              		.file	"list.c"
  15              		.text
  16              	.Ltext0:
  17              		.cfi_sections	.debug_frame
  18              		.section	.text.vListInitialise,"ax",%progbits
  19              		.align	2
  20              		.global	vListInitialise
  21              		.thumb
  22              		.thumb_func
  24              	vListInitialise:
  25              	.LFB0:
  26              		.file 1 "../FreeRTOS_Source/list.c"
   1:../FreeRTOS_Source/list.c **** /*
   2:../FreeRTOS_Source/list.c ****     FreeRTOS V7.1.0 - Copyright (C) 2011 Real Time Engineers Ltd.
   3:../FreeRTOS_Source/list.c **** 
   4:../FreeRTOS_Source/list.c **** 
   5:../FreeRTOS_Source/list.c ****     ***************************************************************************
   6:../FreeRTOS_Source/list.c ****      *                                                                       *
   7:../FreeRTOS_Source/list.c ****      *    FreeRTOS tutorial books are available in pdf and paperback.        *
   8:../FreeRTOS_Source/list.c ****      *    Complete, revised, and edited pdf reference manuals are also       *
   9:../FreeRTOS_Source/list.c ****      *    available.                                                         *
  10:../FreeRTOS_Source/list.c ****      *                                                                       *
  11:../FreeRTOS_Source/list.c ****      *    Purchasing FreeRTOS documentation will not only help you, by       *
  12:../FreeRTOS_Source/list.c ****      *    ensuring you get running as quickly as possible and with an        *
  13:../FreeRTOS_Source/list.c ****      *    in-depth knowledge of how to use FreeRTOS, it will also help       *
  14:../FreeRTOS_Source/list.c ****      *    the FreeRTOS project to continue with its mission of providing     *
  15:../FreeRTOS_Source/list.c ****      *    professional grade, cross platform, de facto standard solutions    *
  16:../FreeRTOS_Source/list.c ****      *    for microcontrollers - completely free of charge!                  *
  17:../FreeRTOS_Source/list.c ****      *                                                                       *
  18:../FreeRTOS_Source/list.c ****      *    >>> See http://www.FreeRTOS.org/Documentation for details. <<<     *
  19:../FreeRTOS_Source/list.c ****      *                                                                       *
  20:../FreeRTOS_Source/list.c ****      *    Thank you for using FreeRTOS, and thank you for your support!      *
  21:../FreeRTOS_Source/list.c ****      *                                                                       *
  22:../FreeRTOS_Source/list.c ****     ***************************************************************************
  23:../FreeRTOS_Source/list.c **** 
  24:../FreeRTOS_Source/list.c **** 
  25:../FreeRTOS_Source/list.c ****     This file is part of the FreeRTOS distribution.
  26:../FreeRTOS_Source/list.c **** 
  27:../FreeRTOS_Source/list.c ****     FreeRTOS is free software; you can redistribute it and/or modify it under
  28:../FreeRTOS_Source/list.c ****     the terms of the GNU General Public License (version 2) as published by the
  29:../FreeRTOS_Source/list.c ****     Free Software Foundation AND MODIFIED BY the FreeRTOS exception.
  30:../FreeRTOS_Source/list.c ****     >>>NOTE<<< The modification to the GPL is included to allow you to
  31:../FreeRTOS_Source/list.c ****     distribute a combined work that includes FreeRTOS without being obliged to
  32:../FreeRTOS_Source/list.c ****     provide the source code for proprietary components outside of the FreeRTOS
  33:../FreeRTOS_Source/list.c ****     kernel.  FreeRTOS is distributed in the hope that it will be useful, but
  34:../FreeRTOS_Source/list.c ****     WITHOUT ANY WARRANTY; without even the implied warranty of MERCHANTABILITY
  35:../FreeRTOS_Source/list.c ****     or FITNESS FOR A PARTICULAR PURPOSE.  See the GNU General Public License for
  36:../FreeRTOS_Source/list.c ****     more details. You should have received a copy of the GNU General Public
  37:../FreeRTOS_Source/list.c ****     License and the FreeRTOS license exception along with FreeRTOS; if not it
  38:../FreeRTOS_Source/list.c ****     can be viewed here: http://www.freertos.org/a00114.html and also obtained
  39:../FreeRTOS_Source/list.c ****     by writing to Richard Barry, contact details for whom are available on the
  40:../FreeRTOS_Source/list.c ****     FreeRTOS WEB site.
  41:../FreeRTOS_Source/list.c **** 
  42:../FreeRTOS_Source/list.c ****     1 tab == 4 spaces!
  43:../FreeRTOS_Source/list.c **** 
  44:../FreeRTOS_Source/list.c ****     http://www.FreeRTOS.org - Documentation, latest information, license and
  45:../FreeRTOS_Source/list.c ****     contact details.
  46:../FreeRTOS_Source/list.c **** 
  47:../FreeRTOS_Source/list.c ****     http://www.SafeRTOS.com - A version that is certified for use in safety
  48:../FreeRTOS_Source/list.c ****     critical systems.
  49:../FreeRTOS_Source/list.c **** 
  50:../FreeRTOS_Source/list.c ****     http://www.OpenRTOS.com - Commercial support, development, porting,
  51:../FreeRTOS_Source/list.c ****     licensing and training services.
  52:../FreeRTOS_Source/list.c **** */
  53:../FreeRTOS_Source/list.c **** 
  54:../FreeRTOS_Source/list.c **** 
  55:../FreeRTOS_Source/list.c **** #include <stdlib.h>
  56:../FreeRTOS_Source/list.c **** #include "FreeRTOS.h"
  57:../FreeRTOS_Source/list.c **** #include "list.h"
  58:../FreeRTOS_Source/list.c **** 
  59:../FreeRTOS_Source/list.c **** /*-----------------------------------------------------------
  60:../FreeRTOS_Source/list.c ****  * PUBLIC LIST API documented in list.h
  61:../FreeRTOS_Source/list.c ****  *----------------------------------------------------------*/
  62:../FreeRTOS_Source/list.c **** 
  63:../FreeRTOS_Source/list.c **** void vListInitialise( xList *pxList )
  64:../FreeRTOS_Source/list.c **** {
  27              		.loc 1 64 0
  28              		.cfi_startproc
  29              		@ args = 0, pretend = 0, frame = 8
  30              		@ frame_needed = 1, uses_anonymous_args = 0
  31              		@ link register save eliminated.
  32 0000 80B4     		push	{r7}
  33              	.LCFI0:
  34              		.cfi_def_cfa_offset 4
  35              		.cfi_offset 7, -4
  36 0002 83B0     		sub	sp, sp, #12
  37              	.LCFI1:
  38              		.cfi_def_cfa_offset 16
  39 0004 00AF     		add	r7, sp, #0
  40              	.LCFI2:
  41              		.cfi_def_cfa_register 7
  42 0006 7860     		str	r0, [r7, #4]
  65:../FreeRTOS_Source/list.c **** 	/* The list structure contains a list item which is used to mark the
  66:../FreeRTOS_Source/list.c **** 	end of the list.  To initialise the list the list end is inserted
  67:../FreeRTOS_Source/list.c **** 	as the only list entry. */
  68:../FreeRTOS_Source/list.c **** 	pxList->pxIndex = ( xListItem * ) &( pxList->xListEnd );
  43              		.loc 1 68 0
  44 0008 7B68     		ldr	r3, [r7, #4]
  45 000a 03F10802 		add	r2, r3, #8
  46 000e 7B68     		ldr	r3, [r7, #4]
  47 0010 5A60     		str	r2, [r3, #4]
  69:../FreeRTOS_Source/list.c **** 
  70:../FreeRTOS_Source/list.c **** 	/* The list end value is the highest possible value in the list to
  71:../FreeRTOS_Source/list.c **** 	ensure it remains at the end of the list. */
  72:../FreeRTOS_Source/list.c **** 	pxList->xListEnd.xItemValue = portMAX_DELAY;
  48              		.loc 1 72 0
  49 0012 7B68     		ldr	r3, [r7, #4]
  50 0014 4FF0FF32 		mov	r2, #-1
  51 0018 9A60     		str	r2, [r3, #8]
  73:../FreeRTOS_Source/list.c **** 
  74:../FreeRTOS_Source/list.c **** 	/* The list end next and previous pointers point to itself so we know
  75:../FreeRTOS_Source/list.c **** 	when the list is empty. */
  76:../FreeRTOS_Source/list.c **** 	pxList->xListEnd.pxNext = ( xListItem * ) &( pxList->xListEnd );
  52              		.loc 1 76 0
  53 001a 7B68     		ldr	r3, [r7, #4]
  54 001c 03F10802 		add	r2, r3, #8
  55 0020 7B68     		ldr	r3, [r7, #4]
  56 0022 DA60     		str	r2, [r3, #12]
  77:../FreeRTOS_Source/list.c **** 	pxList->xListEnd.pxPrevious = ( xListItem * ) &( pxList->xListEnd );
  57              		.loc 1 77 0
  58 0024 7B68     		ldr	r3, [r7, #4]
  59 0026 03F10802 		add	r2, r3, #8
  60 002a 7B68     		ldr	r3, [r7, #4]
  61 002c 1A61     		str	r2, [r3, #16]
  78:../FreeRTOS_Source/list.c **** 
  79:../FreeRTOS_Source/list.c **** 	pxList->uxNumberOfItems = ( unsigned portBASE_TYPE ) 0U;
  62              		.loc 1 79 0
  63 002e 7B68     		ldr	r3, [r7, #4]
  64 0030 4FF00002 		mov	r2, #0
  65 0034 1A60     		str	r2, [r3, #0]
  80:../FreeRTOS_Source/list.c **** }
  66              		.loc 1 80 0
  67 0036 07F10C07 		add	r7, r7, #12
  68 003a BD46     		mov	sp, r7
  69 003c 80BC     		pop	{r7}
  70 003e 7047     		bx	lr
  71              		.cfi_endproc
  72              	.LFE0:
  74              		.section	.text.vListInitialiseItem,"ax",%progbits
  75              		.align	2
  76              		.global	vListInitialiseItem
  77              		.thumb
  78              		.thumb_func
  80              	vListInitialiseItem:
  81              	.LFB1:
  81:../FreeRTOS_Source/list.c **** /*-----------------------------------------------------------*/
  82:../FreeRTOS_Source/list.c **** 
  83:../FreeRTOS_Source/list.c **** void vListInitialiseItem( xListItem *pxItem )
  84:../FreeRTOS_Source/list.c **** {
  82              		.loc 1 84 0
  83              		.cfi_startproc
  84              		@ args = 0, pretend = 0, frame = 8
  85              		@ frame_needed = 1, uses_anonymous_args = 0
  86              		@ link register save eliminated.
  87 0000 80B4     		push	{r7}
  88              	.LCFI3:
  89              		.cfi_def_cfa_offset 4
  90              		.cfi_offset 7, -4
  91 0002 83B0     		sub	sp, sp, #12
  92              	.LCFI4:
  93              		.cfi_def_cfa_offset 16
  94 0004 00AF     		add	r7, sp, #0
  95              	.LCFI5:
  96              		.cfi_def_cfa_register 7
  97 0006 7860     		str	r0, [r7, #4]
  85:../FreeRTOS_Source/list.c **** 	/* Make sure the list item is not recorded as being on a list. */
  86:../FreeRTOS_Source/list.c **** 	pxItem->pvContainer = NULL;
  98              		.loc 1 86 0
  99 0008 7B68     		ldr	r3, [r7, #4]
 100 000a 4FF00002 		mov	r2, #0
 101 000e 1A61     		str	r2, [r3, #16]
  87:../FreeRTOS_Source/list.c **** }
 102              		.loc 1 87 0
 103 0010 07F10C07 		add	r7, r7, #12
 104 0014 BD46     		mov	sp, r7
 105 0016 80BC     		pop	{r7}
 106 0018 7047     		bx	lr
 107              		.cfi_endproc
 108              	.LFE1:
 110 001a 00BF     		.section	.text.vListInsertEnd,"ax",%progbits
 111              		.align	2
 112              		.global	vListInsertEnd
 113              		.thumb
 114              		.thumb_func
 116              	vListInsertEnd:
 117              	.LFB2:
  88:../FreeRTOS_Source/list.c **** /*-----------------------------------------------------------*/
  89:../FreeRTOS_Source/list.c **** 
  90:../FreeRTOS_Source/list.c **** void vListInsertEnd( xList *pxList, xListItem *pxNewListItem )
  91:../FreeRTOS_Source/list.c **** {
 118              		.loc 1 91 0
 119              		.cfi_startproc
 120              		@ args = 0, pretend = 0, frame = 16
 121              		@ frame_needed = 1, uses_anonymous_args = 0
 122              		@ link register save eliminated.
 123 0000 80B4     		push	{r7}
 124              	.LCFI6:
 125              		.cfi_def_cfa_offset 4
 126              		.cfi_offset 7, -4
 127 0002 85B0     		sub	sp, sp, #20
 128              	.LCFI7:
 129              		.cfi_def_cfa_offset 24
 130 0004 00AF     		add	r7, sp, #0
 131              	.LCFI8:
 132              		.cfi_def_cfa_register 7
 133 0006 7860     		str	r0, [r7, #4]
 134 0008 3960     		str	r1, [r7, #0]
  92:../FreeRTOS_Source/list.c **** volatile xListItem * pxIndex;
  93:../FreeRTOS_Source/list.c **** 
  94:../FreeRTOS_Source/list.c **** 	/* Insert a new list item into pxList, but rather than sort the list,
  95:../FreeRTOS_Source/list.c **** 	makes the new list item the last item to be removed by a call to
  96:../FreeRTOS_Source/list.c **** 	pvListGetOwnerOfNextEntry.  This means it has to be the item pointed to by
  97:../FreeRTOS_Source/list.c **** 	the pxIndex member. */
  98:../FreeRTOS_Source/list.c **** 	pxIndex = pxList->pxIndex;
 135              		.loc 1 98 0
 136 000a 7B68     		ldr	r3, [r7, #4]
 137 000c 5B68     		ldr	r3, [r3, #4]
 138 000e FB60     		str	r3, [r7, #12]
  99:../FreeRTOS_Source/list.c **** 
 100:../FreeRTOS_Source/list.c **** 	pxNewListItem->pxNext = pxIndex->pxNext;
 139              		.loc 1 100 0
 140 0010 FB68     		ldr	r3, [r7, #12]
 141 0012 5A68     		ldr	r2, [r3, #4]
 142 0014 3B68     		ldr	r3, [r7, #0]
 143 0016 5A60     		str	r2, [r3, #4]
 101:../FreeRTOS_Source/list.c **** 	pxNewListItem->pxPrevious = pxList->pxIndex;
 144              		.loc 1 101 0
 145 0018 7B68     		ldr	r3, [r7, #4]
 146 001a 5A68     		ldr	r2, [r3, #4]
 147 001c 3B68     		ldr	r3, [r7, #0]
 148 001e 9A60     		str	r2, [r3, #8]
 102:../FreeRTOS_Source/list.c **** 	pxIndex->pxNext->pxPrevious = ( volatile xListItem * ) pxNewListItem;
 149              		.loc 1 102 0
 150 0020 FB68     		ldr	r3, [r7, #12]
 151 0022 5B68     		ldr	r3, [r3, #4]
 152 0024 3A68     		ldr	r2, [r7, #0]
 153 0026 9A60     		str	r2, [r3, #8]
 103:../FreeRTOS_Source/list.c **** 	pxIndex->pxNext = ( volatile xListItem * ) pxNewListItem;
 154              		.loc 1 103 0
 155 0028 FB68     		ldr	r3, [r7, #12]
 156 002a 3A68     		ldr	r2, [r7, #0]
 157 002c 5A60     		str	r2, [r3, #4]
 104:../FreeRTOS_Source/list.c **** 	pxList->pxIndex = ( volatile xListItem * ) pxNewListItem;
 158              		.loc 1 104 0
 159 002e 7B68     		ldr	r3, [r7, #4]
 160 0030 3A68     		ldr	r2, [r7, #0]
 161 0032 5A60     		str	r2, [r3, #4]
 105:../FreeRTOS_Source/list.c **** 
 106:../FreeRTOS_Source/list.c **** 	/* Remember which list the item is in. */
 107:../FreeRTOS_Source/list.c **** 	pxNewListItem->pvContainer = ( void * ) pxList;
 162              		.loc 1 107 0
 163 0034 3B68     		ldr	r3, [r7, #0]
 164 0036 7A68     		ldr	r2, [r7, #4]
 165 0038 1A61     		str	r2, [r3, #16]
 108:../FreeRTOS_Source/list.c **** 
 109:../FreeRTOS_Source/list.c **** 	( pxList->uxNumberOfItems )++;
 166              		.loc 1 109 0
 167 003a 7B68     		ldr	r3, [r7, #4]
 168 003c 1B68     		ldr	r3, [r3, #0]
 169 003e 03F10102 		add	r2, r3, #1
 170 0042 7B68     		ldr	r3, [r7, #4]
 171 0044 1A60     		str	r2, [r3, #0]
 110:../FreeRTOS_Source/list.c **** }
 172              		.loc 1 110 0
 173 0046 07F11407 		add	r7, r7, #20
 174 004a BD46     		mov	sp, r7
 175 004c 80BC     		pop	{r7}
 176 004e 7047     		bx	lr
 177              		.cfi_endproc
 178              	.LFE2:
 180              		.section	.text.vListInsert,"ax",%progbits
 181              		.align	2
 182              		.global	vListInsert
 183              		.thumb
 184              		.thumb_func
 186              	vListInsert:
 187              	.LFB3:
 111:../FreeRTOS_Source/list.c **** /*-----------------------------------------------------------*/
 112:../FreeRTOS_Source/list.c **** 
 113:../FreeRTOS_Source/list.c **** void vListInsert( xList *pxList, xListItem *pxNewListItem )
 114:../FreeRTOS_Source/list.c **** {
 188              		.loc 1 114 0
 189              		.cfi_startproc
 190              		@ args = 0, pretend = 0, frame = 16
 191              		@ frame_needed = 1, uses_anonymous_args = 0
 192              		@ link register save eliminated.
 193 0000 80B4     		push	{r7}
 194              	.LCFI9:
 195              		.cfi_def_cfa_offset 4
 196              		.cfi_offset 7, -4
 197 0002 85B0     		sub	sp, sp, #20
 198              	.LCFI10:
 199              		.cfi_def_cfa_offset 24
 200 0004 00AF     		add	r7, sp, #0
 201              	.LCFI11:
 202              		.cfi_def_cfa_register 7
 203 0006 7860     		str	r0, [r7, #4]
 204 0008 3960     		str	r1, [r7, #0]
 115:../FreeRTOS_Source/list.c **** volatile xListItem *pxIterator;
 116:../FreeRTOS_Source/list.c **** portTickType xValueOfInsertion;
 117:../FreeRTOS_Source/list.c **** 
 118:../FreeRTOS_Source/list.c **** 	/* Insert the new list item into the list, sorted in ulListItem order. */
 119:../FreeRTOS_Source/list.c **** 	xValueOfInsertion = pxNewListItem->xItemValue;
 205              		.loc 1 119 0
 206 000a 3B68     		ldr	r3, [r7, #0]
 207 000c 1B68     		ldr	r3, [r3, #0]
 208 000e BB60     		str	r3, [r7, #8]
 120:../FreeRTOS_Source/list.c **** 
 121:../FreeRTOS_Source/list.c **** 	/* If the list already contains a list item with the same item value then
 122:../FreeRTOS_Source/list.c **** 	the new list item should be placed after it.  This ensures that TCB's which
 123:../FreeRTOS_Source/list.c **** 	are stored in ready lists (all of which have the same ulListItem value)
 124:../FreeRTOS_Source/list.c **** 	get an equal share of the CPU.  However, if the xItemValue is the same as
 125:../FreeRTOS_Source/list.c **** 	the back marker the iteration loop below will not end.  This means we need
 126:../FreeRTOS_Source/list.c **** 	to guard against this by checking the value first and modifying the
 127:../FreeRTOS_Source/list.c **** 	algorithm slightly if necessary. */
 128:../FreeRTOS_Source/list.c **** 	if( xValueOfInsertion == portMAX_DELAY )
 209              		.loc 1 128 0
 210 0010 BB68     		ldr	r3, [r7, #8]
 211 0012 B3F1FF3F 		cmp	r3, #-1
 212 0016 03D1     		bne	.L5
 129:../FreeRTOS_Source/list.c **** 	{
 130:../FreeRTOS_Source/list.c **** 		pxIterator = pxList->xListEnd.pxPrevious;
 213              		.loc 1 130 0
 214 0018 7B68     		ldr	r3, [r7, #4]
 215 001a 1B69     		ldr	r3, [r3, #16]
 216 001c FB60     		str	r3, [r7, #12]
 217 001e 0DE0     		b	.L6
 218              	.L5:
 131:../FreeRTOS_Source/list.c **** 	}
 132:../FreeRTOS_Source/list.c **** 	else
 133:../FreeRTOS_Source/list.c **** 	{
 134:../FreeRTOS_Source/list.c **** 		/* *** NOTE ***********************************************************
 135:../FreeRTOS_Source/list.c **** 		If you find your application is crashing here then likely causes are:
 136:../FreeRTOS_Source/list.c **** 			1) Stack overflow -
 137:../FreeRTOS_Source/list.c **** 			   see http://www.freertos.org/Stacks-and-stack-overflow-checking.html
 138:../FreeRTOS_Source/list.c **** 			2) Incorrect interrupt priority assignment, especially on Cortex-M3
 139:../FreeRTOS_Source/list.c **** 			   parts where numerically high priority values denote low actual
 140:../FreeRTOS_Source/list.c **** 			   interrupt priories, which can seem counter intuitive.  See
 141:../FreeRTOS_Source/list.c **** 			   configMAX_SYSCALL_INTERRUPT_PRIORITY on http://www.freertos.org/a00110.html
 142:../FreeRTOS_Source/list.c **** 			3) Calling an API function from within a critical section or when
 143:../FreeRTOS_Source/list.c **** 			   the scheduler is suspended.
 144:../FreeRTOS_Source/list.c **** 			4) Using a queue or semaphore before it has been initialised or
 145:../FreeRTOS_Source/list.c **** 			   before the scheduler has been started (are interrupts firing
 146:../FreeRTOS_Source/list.c **** 			   before vTaskStartScheduler() has been called?).
 147:../FreeRTOS_Source/list.c **** 		See http://www.freertos.org/FAQHelp.html for more tips.
 148:../FreeRTOS_Source/list.c **** 		**********************************************************************/
 149:../FreeRTOS_Source/list.c **** 		
 150:../FreeRTOS_Source/list.c **** 		for( pxIterator = ( xListItem * ) &( pxList->xListEnd ); pxIterator->pxNext->xItemValue <= xValue
 219              		.loc 1 150 0
 220 0020 7B68     		ldr	r3, [r7, #4]
 221 0022 03F10803 		add	r3, r3, #8
 222 0026 FB60     		str	r3, [r7, #12]
 223 0028 02E0     		b	.L7
 224              	.L8:
 225              		.loc 1 150 0 is_stmt 0 discriminator 2
 226 002a FB68     		ldr	r3, [r7, #12]
 227 002c 5B68     		ldr	r3, [r3, #4]
 228 002e FB60     		str	r3, [r7, #12]
 229              	.L7:
 230              		.loc 1 150 0 discriminator 1
 231 0030 FB68     		ldr	r3, [r7, #12]
 232 0032 5B68     		ldr	r3, [r3, #4]
 233 0034 1A68     		ldr	r2, [r3, #0]
 234 0036 BB68     		ldr	r3, [r7, #8]
 235 0038 9A42     		cmp	r2, r3
 236 003a F6D9     		bls	.L8
 237              	.L6:
 151:../FreeRTOS_Source/list.c **** 		{
 152:../FreeRTOS_Source/list.c **** 			/* There is nothing to do here, we are just iterating to the
 153:../FreeRTOS_Source/list.c **** 			wanted insertion position. */
 154:../FreeRTOS_Source/list.c **** 		}
 155:../FreeRTOS_Source/list.c **** 	}
 156:../FreeRTOS_Source/list.c **** 
 157:../FreeRTOS_Source/list.c **** 	pxNewListItem->pxNext = pxIterator->pxNext;
 238              		.loc 1 157 0 is_stmt 1
 239 003c FB68     		ldr	r3, [r7, #12]
 240 003e 5A68     		ldr	r2, [r3, #4]
 241 0040 3B68     		ldr	r3, [r7, #0]
 242 0042 5A60     		str	r2, [r3, #4]
 158:../FreeRTOS_Source/list.c **** 	pxNewListItem->pxNext->pxPrevious = ( volatile xListItem * ) pxNewListItem;
 243              		.loc 1 158 0
 244 0044 3B68     		ldr	r3, [r7, #0]
 245 0046 5B68     		ldr	r3, [r3, #4]
 246 0048 3A68     		ldr	r2, [r7, #0]
 247 004a 9A60     		str	r2, [r3, #8]
 159:../FreeRTOS_Source/list.c **** 	pxNewListItem->pxPrevious = pxIterator;
 248              		.loc 1 159 0
 249 004c 3B68     		ldr	r3, [r7, #0]
 250 004e FA68     		ldr	r2, [r7, #12]
 251 0050 9A60     		str	r2, [r3, #8]
 160:../FreeRTOS_Source/list.c **** 	pxIterator->pxNext = ( volatile xListItem * ) pxNewListItem;
 252              		.loc 1 160 0
 253 0052 FB68     		ldr	r3, [r7, #12]
 254 0054 3A68     		ldr	r2, [r7, #0]
 255 0056 5A60     		str	r2, [r3, #4]
 161:../FreeRTOS_Source/list.c **** 
 162:../FreeRTOS_Source/list.c **** 	/* Remember which list the item is in.  This allows fast removal of the
 163:../FreeRTOS_Source/list.c **** 	item later. */
 164:../FreeRTOS_Source/list.c **** 	pxNewListItem->pvContainer = ( void * ) pxList;
 256              		.loc 1 164 0
 257 0058 3B68     		ldr	r3, [r7, #0]
 258 005a 7A68     		ldr	r2, [r7, #4]
 259 005c 1A61     		str	r2, [r3, #16]
 165:../FreeRTOS_Source/list.c **** 
 166:../FreeRTOS_Source/list.c **** 	( pxList->uxNumberOfItems )++;
 260              		.loc 1 166 0
 261 005e 7B68     		ldr	r3, [r7, #4]
 262 0060 1B68     		ldr	r3, [r3, #0]
 263 0062 03F10102 		add	r2, r3, #1
 264 0066 7B68     		ldr	r3, [r7, #4]
 265 0068 1A60     		str	r2, [r3, #0]
 167:../FreeRTOS_Source/list.c **** }
 266              		.loc 1 167 0
 267 006a 07F11407 		add	r7, r7, #20
 268 006e BD46     		mov	sp, r7
 269 0070 80BC     		pop	{r7}
 270 0072 7047     		bx	lr
 271              		.cfi_endproc
 272              	.LFE3:
 274              		.section	.text.vListRemove,"ax",%progbits
 275              		.align	2
 276              		.global	vListRemove
 277              		.thumb
 278              		.thumb_func
 280              	vListRemove:
 281              	.LFB4:
 168:../FreeRTOS_Source/list.c **** /*-----------------------------------------------------------*/
 169:../FreeRTOS_Source/list.c **** 
 170:../FreeRTOS_Source/list.c **** void vListRemove( xListItem *pxItemToRemove )
 171:../FreeRTOS_Source/list.c **** {
 282              		.loc 1 171 0
 283              		.cfi_startproc
 284              		@ args = 0, pretend = 0, frame = 16
 285              		@ frame_needed = 1, uses_anonymous_args = 0
 286              		@ link register save eliminated.
 287 0000 80B4     		push	{r7}
 288              	.LCFI12:
 289              		.cfi_def_cfa_offset 4
 290              		.cfi_offset 7, -4
 291 0002 85B0     		sub	sp, sp, #20
 292              	.LCFI13:
 293              		.cfi_def_cfa_offset 24
 294 0004 00AF     		add	r7, sp, #0
 295              	.LCFI14:
 296              		.cfi_def_cfa_register 7
 297 0006 7860     		str	r0, [r7, #4]
 172:../FreeRTOS_Source/list.c **** xList * pxList;
 173:../FreeRTOS_Source/list.c **** 
 174:../FreeRTOS_Source/list.c **** 	pxItemToRemove->pxNext->pxPrevious = pxItemToRemove->pxPrevious;
 298              		.loc 1 174 0
 299 0008 7B68     		ldr	r3, [r7, #4]
 300 000a 5B68     		ldr	r3, [r3, #4]
 301 000c 7A68     		ldr	r2, [r7, #4]
 302 000e 9268     		ldr	r2, [r2, #8]
 303 0010 9A60     		str	r2, [r3, #8]
 175:../FreeRTOS_Source/list.c **** 	pxItemToRemove->pxPrevious->pxNext = pxItemToRemove->pxNext;
 304              		.loc 1 175 0
 305 0012 7B68     		ldr	r3, [r7, #4]
 306 0014 9B68     		ldr	r3, [r3, #8]
 307 0016 7A68     		ldr	r2, [r7, #4]
 308 0018 5268     		ldr	r2, [r2, #4]
 309 001a 5A60     		str	r2, [r3, #4]
 176:../FreeRTOS_Source/list.c **** 	
 177:../FreeRTOS_Source/list.c **** 	/* The list item knows which list it is in.  Obtain the list from the list
 178:../FreeRTOS_Source/list.c **** 	item. */
 179:../FreeRTOS_Source/list.c **** 	pxList = ( xList * ) pxItemToRemove->pvContainer;
 310              		.loc 1 179 0
 311 001c 7B68     		ldr	r3, [r7, #4]
 312 001e 1B69     		ldr	r3, [r3, #16]
 313 0020 FB60     		str	r3, [r7, #12]
 180:../FreeRTOS_Source/list.c **** 
 181:../FreeRTOS_Source/list.c **** 	/* Make sure the index is left pointing to a valid item. */
 182:../FreeRTOS_Source/list.c **** 	if( pxList->pxIndex == pxItemToRemove )
 314              		.loc 1 182 0
 315 0022 FB68     		ldr	r3, [r7, #12]
 316 0024 5A68     		ldr	r2, [r3, #4]
 317 0026 7B68     		ldr	r3, [r7, #4]
 318 0028 9A42     		cmp	r2, r3
 319 002a 03D1     		bne	.L10
 183:../FreeRTOS_Source/list.c **** 	{
 184:../FreeRTOS_Source/list.c **** 		pxList->pxIndex = pxItemToRemove->pxPrevious;
 320              		.loc 1 184 0
 321 002c 7B68     		ldr	r3, [r7, #4]
 322 002e 9A68     		ldr	r2, [r3, #8]
 323 0030 FB68     		ldr	r3, [r7, #12]
 324 0032 5A60     		str	r2, [r3, #4]
 325              	.L10:
 185:../FreeRTOS_Source/list.c **** 	}
 186:../FreeRTOS_Source/list.c **** 
 187:../FreeRTOS_Source/list.c **** 	pxItemToRemove->pvContainer = NULL;
 326              		.loc 1 187 0
 327 0034 7B68     		ldr	r3, [r7, #4]
 328 0036 4FF00002 		mov	r2, #0
 329 003a 1A61     		str	r2, [r3, #16]
 188:../FreeRTOS_Source/list.c **** 	( pxList->uxNumberOfItems )--;
 330              		.loc 1 188 0
 331 003c FB68     		ldr	r3, [r7, #12]
 332 003e 1B68     		ldr	r3, [r3, #0]
 333 0040 03F1FF32 		add	r2, r3, #-1
 334 0044 FB68     		ldr	r3, [r7, #12]
 335 0046 1A60     		str	r2, [r3, #0]
 189:../FreeRTOS_Source/list.c **** }
 336              		.loc 1 189 0
 337 0048 07F11407 		add	r7, r7, #20
 338 004c BD46     		mov	sp, r7
 339 004e 80BC     		pop	{r7}
 340 0050 7047     		bx	lr
 341              		.cfi_endproc
 342              	.LFE4:
 344 0052 00BF     		.text
 345              	.Letext0:
 346              		.file 2 "D:\\PALL\\workspace\\freertos_stm32_d\\FreeRTOS_Source\\include/list.h"
 347              		.file 3 "D:\\PALL\\workspace\\freertos_stm32_d\\FreeRTOS_Source\\portable\\GCC\\ARM_CM3/portmacro.
DEFINED SYMBOLS
                            *ABS*:00000000 list.c
C:\Users\Palladin\AppData\Local\Temp\ccugy6rh.s:19     .text.vListInitialise:00000000 $t
C:\Users\Palladin\AppData\Local\Temp\ccugy6rh.s:24     .text.vListInitialise:00000000 vListInitialise
C:\Users\Palladin\AppData\Local\Temp\ccugy6rh.s:75     .text.vListInitialiseItem:00000000 $t
C:\Users\Palladin\AppData\Local\Temp\ccugy6rh.s:80     .text.vListInitialiseItem:00000000 vListInitialiseItem
C:\Users\Palladin\AppData\Local\Temp\ccugy6rh.s:111    .text.vListInsertEnd:00000000 $t
C:\Users\Palladin\AppData\Local\Temp\ccugy6rh.s:116    .text.vListInsertEnd:00000000 vListInsertEnd
C:\Users\Palladin\AppData\Local\Temp\ccugy6rh.s:181    .text.vListInsert:00000000 $t
C:\Users\Palladin\AppData\Local\Temp\ccugy6rh.s:186    .text.vListInsert:00000000 vListInsert
C:\Users\Palladin\AppData\Local\Temp\ccugy6rh.s:275    .text.vListRemove:00000000 $t
C:\Users\Palladin\AppData\Local\Temp\ccugy6rh.s:280    .text.vListRemove:00000000 vListRemove
                     .debug_frame:00000010 $d

NO UNDEFINED SYMBOLS
